Log: [9fa90f65-6314-4924-b169-d572cd29ad81:2025-10-12T20:18:02.187633+0300 - INFO - Successfully accessed /]
Log: [1a41e4d2-2a2d-4860-a24f-a1aee3357ee6:2025-10-12T20:18:29.630542+0300 - INFO - Successfully accessed /docs]
Log: [938e5e1e-87af-461b-bb53-8de18fa9ddb9:2025-10-12T20:18:30.047703+0300 - INFO - Successfully accessed /openapi.json]
Log: [7d790ede-bbd4-4bb0-acd4-cfd9dea1c8ce:2025-10-12T20:19:01.063008+0300 - WARNING - Request to /cat failed]
Log: [5cba947c-13c5-44b6-90df-748f46b0d487:2025-10-16T21:27:55.794369+0300 - INFO - Successfully accessed /]
Log: [bd10e654-e082-47d0-995d-c8ee6b363ee7:2025-10-16T21:27:55.904380+0300 - WARNING - Request to /favicon.ico failed]
Log: [0d20ad2e-d078-4916-8237-81cd16d9fe3c:2025-10-16T21:27:58.923274+0300 - INFO - Successfully accessed /docs]
Log: [fecb977d-3f85-492c-af2b-3d2ecf3dc18b:2025-10-16T21:27:59.192646+0300 - INFO - Successfully accessed /openapi.json]
Log: [8fd24555-d467-4b45-be57-72f01b8f4e55:2025-10-16T21:28:08.924788+0300 - ERROR - Request to /categories/ failed: [Errno 11001] getaddrinfo failed]
Log: [c791a71b-5740-4859-bac0-b4ac28232cff:2025-10-16T21:30:24.942983+0300 - ERROR - Request to /categories/ failed: [Errno 11001] getaddrinfo failed]
Log: [c51d1021-edaa-40d3-bde2-92d629bfe538:2025-10-16T21:30:33.153204+0300 - INFO - Successfully accessed /docs]
Log: [7b2a1314-7449-4e8c-bf91-a57ef37ca934:2025-10-16T21:30:33.413557+0300 - INFO - Successfully accessed /openapi.json]
Log: [3462fa89-1ed8-49b6-adfc-b89f622f8ce1:2025-10-16T21:30:49.243849+0300 - ERROR - Request to /categories/ failed: [Errno 11001] getaddrinfo failed]
Log: [e86b722e-3678-40ce-b3fa-86c181eec0ca:2025-10-16T21:45:46.289846+0300 - INFO - Successfully accessed /]
Log: [d72d5a1f-a7c6-4644-9f3a-d5afb2c8717e:2025-10-16T21:45:49.614612+0300 - INFO - Successfully accessed /docs]
Log: [7767fff3-2240-4c1c-b106-9056fddb1e5c:2025-10-16T21:45:49.835862+0300 - INFO - Successfully accessed /openapi.json]
Log: [915e141d-bf45-4d26-abc7-36f0629875c9:2025-10-16T21:45:58.859615+0300 - ERROR - Request to /products/ failed: [Errno 11001] getaddrinfo failed]
Log: [201ab174-322e-4495-a15d-3e9d0a982d6c:2025-10-16T21:47:49.066053+0300 - INFO - Successfully accessed /docs]
Log: [dcadc362-80bb-4456-a0d9-1567086bfd87:2025-10-16T21:47:49.272066+0300 - INFO - Successfully accessed /openapi.json]
Log: [f3e853b4-3414-4fb3-99ba-e372e118c8ba:2025-10-16T21:47:56.864959+0300 - ERROR - Request to /products/ failed: [Errno 11001] getaddrinfo failed]
Log: [f1a7b4f8-026f-4467-83d0-aff604f77e69:2025-10-16T21:54:46.837316+0300 - INFO - Successfully accessed /docs]
Log: [0e9905c2-5106-48cd-b3e7-d2753f2bd911:2025-10-16T21:54:47.038295+0300 - INFO - Successfully accessed /openapi.json]
Log: [64164605-8eb0-47d8-bd15-82221ee239e6:2025-10-16T21:54:50.565828+0300 - INFO - Successfully accessed /categories/]
Log: [2e40d921-7156-4fc4-91de-cd399fcf1ced:2025-10-22T11:24:25.788389+0300 - INFO - Successfully accessed /]
Log: [1e9c80a4-1b21-4e4f-944c-d52e5c264bcb:2025-10-22T11:24:25.902158+0300 - WARNING - Request to /favicon.ico failed]
Log: [b57d0694-446f-479e-9dce-be60dfcb57d3:2025-10-22T11:24:28.692819+0300 - INFO - Successfully accessed /docs]
